<?xml version="1.0" encoding="UTF-8"?>
<!-- Generated by org.testng.reporters.JUnitXMLReporter -->
<testsuite hostname="Thinh" ignored="2" tests="0" failures="0" timestamp="11 Mar 2023 06:29:58 GMT" time="0.006" errors="0">
  <testcase name="OrderHistoryTest" time="0.0" classname="rahulshettyacademy.tests.SubmitOrderTest">
    <ignored/>
  </testcase> <!-- OrderHistoryTest -->
  <testcase name="submitOrder" time="0.0" classname="rahulshettyacademy.tests.SubmitOrderTest">
    <ignored/>
  </testcase> <!-- submitOrder -->
</testsuite>
